<?xml version="1.0" encoding="UTF-8"?>
<testsuite xmlns:xsi="http://www.w3.org/2001/XMLSchema-instance" xsi:noNamespaceSchemaLocation="https://maven.apache.org/surefire/maven-surefire-plugin/xsd/surefire-test-report.xsd" name="ru.netology.sqr.SQRServiceTest" time="0.094" tests="6" errors="0" skipped="0" failures="0">
  <properties>
[...]
</properties>
  <testcase name="shouldSQRClStandardLimit" classname="ru.netology.sqr.SQRServiceTest" time="0.031"/>
  <testcase name="shouldSQRService{String, int, int, int}[1]" classname="ru.netology.sqr.SQRServiceTest" time="0.031"/>
  <testcase name="shouldSQRService{String, int, int, int}[2]" classname="ru.netology.sqr.SQRServiceTest" time="0"/>
  <testcase name="shouldSQRService{String, int, int, int}[3]" classname="ru.netology.sqr.SQRServiceTest" time="0"/>
  <testcase name="shouldSQRService{String, int, int, int}[4]" classname="ru.netology.sqr.SQRServiceTest" time="0"/>
  <testcase name="shouldSQRService{String, int, int, int}[5]" classname="ru.netology.sqr.SQRServiceTest" time="0"/>
</testsuite>